Copyright 1986-2018 Xilinx, Inc. All Rights Reserved.
------------------------------------------------------------------------------------
| Tool Version : Vivado v.2018.2 (win64) Build 2258646 Thu Jun 14 20:03:12 MDT 2018
| Date         : Tue Dec 14 04:04:59 2021
| Host         : DESKTOP-8PEBONS running 64-bit major release  (build 9200)
| Command      : report_control_sets -verbose -file top_control_sets_placed.rpt
| Design       : top
| Device       : xc7z020
------------------------------------------------------------------------------------

Control Set Information

Table of Contents
-----------------
1. Summary
2. Histogram
3. Flip-Flop Distribution
4. Detailed Control Set Information

1. Summary
----------

+----------------------------------------------------------+-------+
|                          Status                          | Count |
+----------------------------------------------------------+-------+
| Number of unique control sets                            |    20 |
| Unused register locations in slices containing registers |    50 |
+----------------------------------------------------------+-------+


2. Histogram
------------

+--------+--------------+
| Fanout | Control Sets |
+--------+--------------+
|      8 |            1 |
|     10 |            2 |
|     12 |            4 |
|     14 |            4 |
|    16+ |            9 |
+--------+--------------+


3. Flip-Flop Distribution
-------------------------

+--------------+-----------------------+------------------------+-----------------+--------------+
| Clock Enable | Synchronous Set/Reset | Asynchronous Set/Reset | Total Registers | Total Slices |
+--------------+-----------------------+------------------------+-----------------+--------------+
| No           | No                    | No                     |              84 |           28 |
| No           | No                    | Yes                    |             202 |           37 |
| No           | Yes                   | No                     |              20 |            3 |
| Yes          | No                    | No                     |              26 |            4 |
| Yes          | No                    | Yes                    |             230 |           44 |
| Yes          | Yes                   | No                     |              60 |           10 |
+--------------+-----------------------+------------------------+-----------------+--------------+


4. Detailed Control Set Information
-----------------------------------

+----------------------------------------------------------+----------------------------------------------+------------------------------------+------------------+----------------+
|                       Clock Signal                       |                 Enable Signal                |          Set/Reset Signal          | Slice Load Count | Bel Load Count |
+----------------------------------------------------------+----------------------------------------------+------------------------------------+------------------+----------------+
|  clk_inst/inst/clk_out1                                  | keypad_inst/col[3]_i_1_n_0                   | rst_IBUF                           |                1 |              8 |
|  clk_inst/inst/clk_out1                                  | debounce_inst/btn_in_d                       | rst_IBUF                           |                1 |             10 |
|  clk_inst/inst/clk_out1                                  | keypad_inst/keypad_out[4]_i_1_n_0            | rst_IBUF                           |                1 |             10 |
|  clk_inst/inst/clk_out1                                  | debounce_inst/E[0]                           | rst_IBUF                           |                3 |             12 |
|  clk_inst/inst/clk_out1                                  | graph_inst/ball_inst/bb_hit_force[5]_i_1_n_0 | rst_IBUF                           |                2 |             12 |
|  clk_inst/inst/clk_out1                                  | graph_inst/ball_inst/cnt5                    |                                    |                2 |             12 |
|  clk_inst/inst/clk_out1                                  | sync_inst/ba_hit_force_t                     | sync_inst/ba_hit_force_t_reg[0]    |                2 |             12 |
|  clk_inst/inst/clk_out1                                  |                                              |                                    |                5 |             14 |
|  clk_inst/inst/clk_out1                                  | debounce_inst/ba_hit_angle_t_reg[0]          | sync_inst/ba_hit_angle_t_reg[0]    |                3 |             14 |
|  clk_inst/inst/clk_out1                                  | debounce_inst/cnt1                           | graph_inst/ball_inst/cnt1_reg[0]_0 |                2 |             14 |
|  clk_inst/inst/clk_out1                                  | sync_inst/cnt2_reg[0][0]                     |                                    |                2 |             14 |
|  graph_inst/ball_inst/deg_set_bb/Vx_reg[3]_i_2_n_0       |                                              |                                    |                6 |             16 |
|  clk_inst/inst/clk_out1                                  | sync_inst/c_v_1                              | rst_IBUF                           |                3 |             20 |
|  graph_inst/ball_inst/deg_set_ba/Vx_reg[3]_i_2__0_n_0    |                                              |                                    |                7 |             22 |
|  clk_inst/inst/clk_out1                                  | debounce_inst/o[0]_i_1_n_0                   | rst_IBUF                           |                4 |             32 |
|  clk_inst/inst/clk_out1                                  | sync_inst/ba_hit_angle_reg[1]_rep            | rst_IBUF                           |                8 |             32 |
|  graph_inst/ball_inst/cue_deg_init/x2_BUF_reg[9]_i_2_n_0 |                                              |                                    |               10 |             32 |
|  clk_inst/inst/clk_out1                                  | graph_inst/ball_inst/ba_bb                   | rst_IBUF                           |               12 |             34 |
|  clk_inst/inst/clk_out1                                  | sync_inst/E[0]                               | rst_IBUF                           |               12 |             80 |
|  clk_inst/inst/clk_out1                                  |                                              | rst_IBUF                           |               40 |            222 |
+----------------------------------------------------------+----------------------------------------------+------------------------------------+------------------+----------------+


