#-----------------------------------------------------------
# Vivado v2018.2 (64-bit)
# SW Build 2258646 on Thu Jun 14 20:03:12 MDT 2018
# IP Build 2256618 on Thu Jun 14 22:10:49 MDT 2018
# Start of session at: Mon Dec 20 09:20:59 2021
# Process ID: 16324
# Current directory: C:/Users/mokhw/Desktop/GitHub/FPGA_Dang9/Dang9_project
# Command line: vivado.exe -gui_launcher_event rodinguilauncherevent19388 C:\Users\mokhw\Desktop\GitHub\FPGA_Dang9\Dang9_project\Dang9_project.xpr
# Log file: C:/Users/mokhw/Desktop/GitHub/FPGA_Dang9/Dang9_project/vivado.log
# Journal file: C:/Users/mokhw/Desktop/GitHub/FPGA_Dang9/Dang9_project\vivado.jou
#-----------------------------------------------------------
start_gui
open_project C:/Users/mokhw/Desktop/GitHub/FPGA_Dang9/Dang9_project/Dang9_project.xpr
INFO: [Project 1-313] Project file moved from 'C:/Users/Jongsang/.Xilinx/DigitalSystem/Dang9_FPGA/Dang9_project' since last save.
CRITICAL WARNING: [Project 1-311] Could not find the file 'C:/Users/mokhw/Desktop/GitHub/FPGA_Dang9/Dang9_project/Dang9_project.srcs/sources_1/new/collision_detect.v', nor could it be found using path 'C:/Users/Jongsang/.Xilinx/DigitalSystem/Dang9_FPGA/Dang9_project/Dang9_project.srcs/sources_1/new/collision_detect.v'.
CRITICAL WARNING: [Project 1-311] Could not find the file 'C:/Users/mokhw/Desktop/GitHub/FPGA_Dang9/Dang9_project/Dang9_project.srcs/sources_1/new/red_ball.v', nor could it be found using path 'C:/Users/Jongsang/.Xilinx/DigitalSystem/Dang9_FPGA/Dang9_project/Dang9_project.srcs/sources_1/new/red_ball.v'.
CRITICAL WARNING: [Project 1-311] Could not find the file 'C:/Users/mokhw/Desktop/GitHub/FPGA_Dang9/Dang9_project/Dang9_project.srcs/sources_1/new/white_ball.v', nor could it be found using path 'C:/Users/Jongsang/.Xilinx/DigitalSystem/Dang9_FPGA/Dang9_project/Dang9_project.srcs/sources_1/new/white_ball.v'.
CRITICAL WARNING: [Project 1-311] Could not find the file 'C:/Users/mokhw/Desktop/GitHub/FPGA_Dang9/Dang9_project/Dang9_project.srcs/sources_1/new/ballCollision_mod.v', nor could it be found using path 'C:/Users/Jongsang/.Xilinx/DigitalSystem/Dang9_FPGA/Dang9_project/Dang9_project.srcs/sources_1/new/ballCollision_mod.v'.
CRITICAL WARNING: [Project 1-311] Could not find the file 'C:/Users/mokhw/Desktop/GitHub/FPGA_Dang9/Dang9_project/Dang9_project.srcs/sources_1/new/abs_mod.v', nor could it be found using path 'C:/Users/Jongsang/.Xilinx/DigitalSystem/Dang9_FPGA/Dang9_project/Dang9_project.srcs/sources_1/new/abs_mod.v'.
Scanning sources...
Finished scanning sources
INFO: [IP_Flow 19-234] Refreshing IP repositories
INFO: [IP_Flow 19-1704] No user IP repositories specified
INFO: [IP_Flow 19-2313] Loaded Vivado IP repository 'C:/Xilinx/Vivado/2018.2/data/ip'.
open_project: Time (s): cpu = 00:00:08 ; elapsed = 00:00:06 . Memory (MB): peak = 802.090 ; gain = 82.375
